TN:
SF:src/modules/appointments/services/CreateAppointmentService.ts
FN:18,(anonymous_18)
FN:19,CreateAppointmentService
FN:26,(anonymous_20)
FNF:3
FNH:3
FNDA:1,(anonymous_18)
FNDA:6,CreateAppointmentService
FNDA:8,(anonymous_20)
DA:1,1
DA:2,1
DA:9,1
DA:18,1
DA:21,6
DA:23,6
DA:26,1
DA:27,8
DA:28,8
DA:29,8
DA:31,8
DA:32,8
DA:34,8
DA:35,1
DA:38,7
DA:39,1
DA:42,6
DA:44,6
DA:45,1
DA:48,5
DA:50,5
DA:51,2
DA:56,3
DA:60,3
DA:61,1
DA:64,2
DA:70,2
DA:72,1
DA:74,1
LF:29
LH:29
BRDA:31,0,0,8
BRDA:34,1,0,1
BRDA:34,1,1,7
BRDA:34,2,0,8
BRDA:34,2,1,7
BRDA:38,3,0,1
BRDA:38,3,1,6
BRDA:44,4,0,1
BRDA:44,4,1,5
BRDA:50,5,0,2
BRDA:50,5,1,3
BRDA:50,6,0,5
BRDA:50,6,1,4
BRDA:60,7,0,1
BRDA:60,7,1,2
BRF:15
BRH:15
end_of_record
TN:
SF:src/modules/appointments/services/ListProviderAppointmentsService.ts
FN:18,(anonymous_18)
FN:19,ListProvidersService
FN:26,(anonymous_20)
FNF:3
FNH:3
FNDA:1,(anonymous_18)
FNDA:2,ListProvidersService
FNDA:2,(anonymous_20)
DA:1,1
DA:8,1
DA:18,1
DA:21,2
DA:23,2
DA:26,1
DA:27,2
DA:28,2
DA:29,2
DA:30,2
DA:32,2
DA:34,2
DA:35,1
DA:38,1
DA:47,1
DA:49,1
DA:51,1
LF:17
LH:17
BRDA:32,0,0,2
BRDA:34,1,0,1
BRDA:34,1,1,1
BRF:3
BRH:3
end_of_record
TN:
SF:src/modules/appointments/services/ListProviderDayAvailabilityService.ts
FN:22,(anonymous_18)
FN:23,ListProviderDayAvailabilityService
FN:30,(anonymous_20)
FN:51,(anonymous_23)
FN:54,(anonymous_24)
FN:56,(anonymous_25)
FNF:6
FNH:6
FNDA:1,(anonymous_18)
FNDA:2,ListProviderDayAvailabilityService
FNDA:2,(anonymous_20)
FNDA:10,(anonymous_23)
FNDA:10,(anonymous_24)
FNDA:19,(anonymous_25)
DA:1,1
DA:2,1
DA:7,1
DA:22,1
DA:25,2
DA:27,2
DA:30,1
DA:31,2
DA:32,2
DA:33,2
DA:34,2
DA:36,2
DA:38,2
DA:39,1
DA:42,1
DA:51,10
DA:52,1
DA:54,1
DA:55,10
DA:56,19
DA:59,10
DA:61,10
DA:67,1
DA:69,1
DA:71,1
LF:25
LH:25
BRDA:36,0,0,2
BRDA:38,1,0,1
BRDA:38,1,1,1
BRDA:63,2,0,10
BRDA:63,2,1,8
BRF:5
BRH:5
end_of_record
TN:
SF:src/modules/appointments/services/ListProviderMonthAvailabilityService.ts
FN:21,(anonymous_18)
FN:22,ListProviderMonthAvailabilityService
FN:29,(anonymous_20)
FN:52,(anonymous_23)
FN:55,(anonymous_24)
FN:56,(anonymous_25)
FNF:6
FNH:6
FNDA:1,(anonymous_18)
FNDA:2,ListProviderMonthAvailabilityService
FNDA:2,(anonymous_20)
FNDA:31,(anonymous_23)
FNDA:31,(anonymous_24)
FNDA:341,(anonymous_25)
DA:1,1
DA:2,1
DA:7,1
DA:21,1
DA:24,2
DA:26,2
DA:29,1
DA:30,2
DA:31,2
DA:32,2
DA:34,2
DA:36,2
DA:37,1
DA:40,1
DA:48,1
DA:50,1
DA:52,31
DA:55,1
DA:56,31
DA:57,341
DA:60,31
DA:66,1
DA:68,1
DA:70,1
LF:24
LH:24
BRDA:34,0,0,2
BRDA:36,1,0,1
BRDA:36,1,1,1
BRF:3
BRH:3
end_of_record
TN:
SF:src/modules/appointments/services/ListProvidersService.ts
FN:7,(anonymous_17)
FN:8,ListProvidersService
FN:13,(anonymous_19)
FNF:3
FNH:3
FNDA:1,(anonymous_17)
FNDA:2,ListProvidersService
FNDA:2,(anonymous_19)
DA:1,1
DA:7,1
DA:10,2
DA:13,1
DA:14,2
DA:18,2
DA:20,1
DA:22,1
LF:8
LH:8
BRDA:14,0,0,2
BRF:1
BRH:1
end_of_record
TN:
SF:src/modules/users/services/AuthenticateUserService.ts
FN:23,(anonymous_18)
FN:24,AuthenticateUserService
FN:31,(anonymous_20)
FNF:3
FNH:3
FNDA:1,(anonymous_18)
FNDA:3,AuthenticateUserService
FNDA:3,(anonymous_20)
DA:1,1
DA:2,1
DA:8,1
DA:10,1
DA:23,1
DA:26,3
DA:28,3
DA:31,3
DA:32,3
DA:34,3
DA:35,1
DA:38,2
DA:43,2
DA:44,1
DA:47,1
DA:49,1
DA:54,1
DA:56,1
DA:58,1
LF:19
LH:19
BRDA:32,0,0,3
BRDA:34,1,0,1
BRDA:34,1,1,2
BRDA:43,2,0,1
BRDA:43,2,1,1
BRF:5
BRH:5
end_of_record
TN:
SF:src/modules/users/services/CreateUserService.ts
FN:16,(anonymous_18)
FN:17,CreateUserService
FN:24,(anonymous_20)
FNF:3
FNH:3
FNDA:2,(anonymous_18)
FNDA:5,CreateUserService
FNDA:5,(anonymous_20)
DA:1,2
DA:7,2
DA:16,2
DA:19,5
DA:21,5
DA:24,5
DA:25,5
DA:27,5
DA:28,1
DA:31,4
DA:33,4
DA:39,4
DA:41,2
DA:43,2
LF:14
LH:14
BRDA:25,0,0,5
BRDA:27,1,0,1
BRDA:27,1,1,4
BRF:3
BRH:3
end_of_record
TN:
SF:src/modules/users/services/ResetPasswordService.ts
FN:11,(anonymous_18)
FN:12,SendForgotPasswordEmailService
FN:23,(anonymous_20)
FNF:3
FNH:3
FNDA:1,(anonymous_18)
FNDA:4,SendForgotPasswordEmailService
FNDA:4,(anonymous_20)
DA:1,1
DA:2,1
DA:8,1
DA:11,1
DA:14,4
DA:17,4
DA:20,4
DA:23,1
DA:24,4
DA:26,4
DA:27,1
DA:30,3
DA:32,3
DA:33,1
DA:36,2
DA:38,2
DA:39,1
DA:42,1
DA:44,2
DA:46,1
DA:48,1
LF:21
LH:21
BRDA:24,0,0,4
BRDA:26,1,0,1
BRDA:26,1,1,3
BRDA:32,2,0,1
BRDA:32,2,1,2
BRDA:38,3,0,1
BRDA:38,3,1,1
BRF:7
BRH:7
end_of_record
TN:
SF:src/modules/users/services/SendForgotPasswordEmailService.ts
FN:11,(anonymous_18)
FN:12,SendForgotPasswordEmailService
FN:23,(anonymous_20)
FNF:3
FNH:3
FNDA:1,(anonymous_18)
FNDA:3,SendForgotPasswordEmailService
FNDA:3,(anonymous_20)
DA:1,1
DA:2,1
DA:8,1
DA:11,1
DA:14,3
DA:17,3
DA:20,3
DA:23,1
DA:24,3
DA:26,3
DA:27,1
DA:30,2
DA:32,4
DA:47,1
DA:49,1
LF:15
LH:15
BRDA:24,0,0,3
BRDA:26,1,0,1
BRDA:26,1,1,2
BRF:3
BRH:3
end_of_record
TN:
SF:src/modules/users/services/ShowProfileService.ts
FN:9,(anonymous_18)
FN:10,ShowProfileService
FN:15,(anonymous_20)
FNF:3
FNH:3
FNDA:1,(anonymous_18)
FNDA:2,ShowProfileService
FNDA:2,(anonymous_20)
DA:1,1
DA:6,1
DA:9,1
DA:12,2
DA:15,1
DA:16,2
DA:18,2
DA:19,1
DA:22,1
DA:24,1
DA:26,1
LF:11
LH:11
BRDA:16,0,0,2
BRDA:18,1,0,1
BRDA:18,1,1,1
BRF:3
BRH:3
end_of_record
TN:
SF:src/modules/users/services/UpdateProfileService.ts
FN:18,(anonymous_18)
FN:19,UpdateProfileService
FN:27,(anonymous_20)
FNF:3
FNH:3
FNDA:1,(anonymous_18)
FNDA:7,UpdateProfileService
FNDA:7,(anonymous_20)
DA:1,1
DA:7,1
DA:18,1
DA:21,7
DA:24,7
DA:27,1
DA:28,7
DA:29,7
DA:30,7
DA:31,7
DA:32,7
DA:34,7
DA:36,7
DA:37,1
DA:40,6
DA:42,6
DA:43,1
DA:46,5
DA:47,5
DA:49,5
DA:50,1
DA:55,6
DA:56,2
DA:61,2
DA:62,1
DA:65,1
DA:68,3
DA:70,1
DA:72,1
LF:29
LH:29
BRDA:34,0,0,7
BRDA:34,0,1,3
BRDA:34,0,2,3
BRDA:36,1,0,1
BRDA:36,1,1,6
BRDA:42,2,0,1
BRDA:42,2,1,5
BRDA:42,3,0,6
BRDA:42,3,1,5
BRDA:49,4,0,1
BRDA:49,4,1,4
BRDA:49,5,0,5
BRDA:49,5,1,3
BRDA:55,6,0,2
BRDA:55,6,1,2
BRDA:55,7,0,4
BRDA:55,7,1,2
BRDA:61,8,0,1
BRDA:61,8,1,1
BRF:19
BRH:19
end_of_record
TN:
SF:src/modules/users/services/UpdateUserAvatarService.ts
FN:16,(anonymous_18)
FN:17,UpdateUserAvatarService
FN:24,(anonymous_20)
FNF:3
FNH:3
FNDA:1,(anonymous_18)
FNDA:3,UpdateUserAvatarService
FNDA:4,(anonymous_20)
DA:1,1
DA:8,1
DA:16,1
DA:19,3
DA:21,3
DA:24,4
DA:25,4
DA:27,4
DA:28,1
DA:31,5
DA:32,2
DA:35,3
DA:37,3
DA:38,6
DA:40,3
DA:42,1
DA:44,1
LF:17
LH:17
BRDA:25,0,0,4
BRDA:25,0,1,3
BRDA:27,1,0,1
BRDA:27,1,1,3
BRDA:31,2,0,2
BRDA:31,2,1,1
BRF:6
BRH:6
end_of_record
